<?xml version="1.0" encoding="UTF-8"?>
<testsuite xmlns:xsi="http://www.w3.org/2001/XMLSchema-instance" xsi:noNamespaceSchemaLocation="https://maven.apache.org/surefire/maven-surefire-plugin/xsd/surefire-test-report.xsd" name="TestSuite" time="52.185" tests="3" errors="0" skipped="0" failures="1">
  <properties>
    <property name="java.specification.version" value="19"/>
    <property name="sun.cpu.isalist" value="amd64"/>
    <property name="sun.jnu.encoding" value="Cp1252"/>
    <property name="java.class.path" value="C:\Users\divya.b.sellamuthu\Documents\VS_CODE\Playwright_Java_Non-BDD\HybridFramework_Playwright\target\test-classes;C:\Users\divya.b.sellamuthu\Documents\VS_CODE\Playwright_Java_Non-BDD\HybridFramework_Playwright\target\classes;C:\Users\divya.b.sellamuthu\.m2\repository\com\microsoft\playwright\playwright\1.25.0\playwright-1.25.0.jar;C:\Users\divya.b.sellamuthu\.m2\repository\org\opentest4j\opentest4j\1.2.0\opentest4j-1.2.0.jar;C:\Users\divya.b.sellamuthu\.m2\repository\com\microsoft\playwright\driver\1.25.0\driver-1.25.0.jar;C:\Users\divya.b.sellamuthu\.m2\repository\com\microsoft\playwright\driver-bundle\1.25.0\driver-bundle-1.25.0.jar;C:\Users\divya.b.sellamuthu\.m2\repository\org\testng\testng\7.7.1\testng-7.7.1.jar;C:\Users\divya.b.sellamuthu\.m2\repository\org\slf4j\slf4j-api\1.7.36\slf4j-api-1.7.36.jar;C:\Users\divya.b.sellamuthu\.m2\repository\com\beust\jcommander\1.82\jcommander-1.82.jar;C:\Users\divya.b.sellamuthu\.m2\repository\org\webjars\jquery\3.6.1\jquery-3.6.1.jar;C:\Users\divya.b.sellamuthu\.m2\repository\org\testng\reportng\1.2.2\reportng-1.2.2.jar;C:\Users\divya.b.sellamuthu\.m2\repository\org\freemarker\freemarker\2.3.28\freemarker-2.3.28.jar;C:\Users\divya.b.sellamuthu\.m2\repository\com\google\inject\guice\4.2.0\guice-4.2.0.jar;C:\Users\divya.b.sellamuthu\.m2\repository\javax\inject\javax.inject\1\javax.inject-1.jar;C:\Users\divya.b.sellamuthu\.m2\repository\aopalliance\aopalliance\1.0\aopalliance-1.0.jar;C:\Users\divya.b.sellamuthu\.m2\repository\com\google\guava\guava\23.6-android\guava-23.6-android.jar;C:\Users\divya.b.sellamuthu\.m2\repository\com\google\code\findbugs\jsr305\1.3.9\jsr305-1.3.9.jar;C:\Users\divya.b.sellamuthu\.m2\repository\org\checkerframework\checker-compat-qual\2.0.0\checker-compat-qual-2.0.0.jar;C:\Users\divya.b.sellamuthu\.m2\repository\com\google\errorprone\error_prone_annotations\2.1.3\error_prone_annotations-2.1.3.jar;C:\Users\divya.b.sellamuthu\.m2\repository\com\google\j2objc\j2objc-annotations\1.1\j2objc-annotations-1.1.jar;C:\Users\divya.b.sellamuthu\.m2\repository\org\codehaus\mojo\animal-sniffer-annotations\1.14\animal-sniffer-annotations-1.14.jar;C:\Users\divya.b.sellamuthu\.m2\repository\com\aventstack\extentreports\5.0.9\extentreports-5.0.9.jar;C:\Users\divya.b.sellamuthu\.m2\repository\io\reactivex\rxjava3\rxjava\3.0.4\rxjava-3.0.4.jar;C:\Users\divya.b.sellamuthu\.m2\repository\org\reactivestreams\reactive-streams\1.0.3\reactive-streams-1.0.3.jar;C:\Users\divya.b.sellamuthu\.m2\repository\org\projectlombok\lombok\1.18.12\lombok-1.18.12.jar;C:\Users\divya.b.sellamuthu\.m2\repository\com\grapecity\documents\gcexcel\4.0.0\gcexcel-4.0.0.jar;C:\Users\divya.b.sellamuthu\.m2\repository\org\glassfish\javax.json\1.0.4\javax.json-1.0.4.jar;C:\Users\divya.b.sellamuthu\.m2\repository\commons-logging\commons-logging\1.2\commons-logging-1.2.jar;C:\Users\divya.b.sellamuthu\.m2\repository\net\sf\barcode4j\barcode4j\2.1\barcode4j-2.1.jar;C:\Users\divya.b.sellamuthu\.m2\repository\avalon-framework\avalon-framework-impl\4.2.0\avalon-framework-impl-4.2.0.jar;C:\Users\divya.b.sellamuthu\.m2\repository\commons-cli\commons-cli\1.0\commons-cli-1.0.jar;C:\Users\divya.b.sellamuthu\.m2\repository\commons-lang\commons-lang\1.0\commons-lang-1.0.jar;C:\Users\divya.b.sellamuthu\.m2\repository\junit\junit\3.7\junit-3.7.jar;C:\Users\divya.b.sellamuthu\.m2\repository\org\apache\ant\ant\1.7.1\ant-1.7.1.jar;C:\Users\divya.b.sellamuthu\.m2\repository\org\apache\ant\ant-launcher\1.7.1\ant-launcher-1.7.1.jar;C:\Users\divya.b.sellamuthu\.m2\repository\com\google\zxing\core\3.3.3\core-3.3.3.jar;C:\Users\divya.b.sellamuthu\.m2\repository\com\google\zxing\javase\3.3.0\javase-3.3.0.jar;C:\Users\divya.b.sellamuthu\.m2\repository\com\github\jai-imageio\jai-imageio-core\1.3.1\jai-imageio-core-1.3.1.jar;C:\Users\divya.b.sellamuthu\.m2\repository\org\apache\poi\poi-ooxml\4.1.2\poi-ooxml-4.1.2.jar;C:\Users\divya.b.sellamuthu\.m2\repository\org\apache\poi\poi\4.1.2\poi-4.1.2.jar;C:\Users\divya.b.sellamuthu\.m2\repository\commons-codec\commons-codec\1.13\commons-codec-1.13.jar;C:\Users\divya.b.sellamuthu\.m2\repository\org\apache\commons\commons-collections4\4.4\commons-collections4-4.4.jar;C:\Users\divya.b.sellamuthu\.m2\repository\org\apache\commons\commons-math3\3.6.1\commons-math3-3.6.1.jar;C:\Users\divya.b.sellamuthu\.m2\repository\com\zaxxer\SparseBitSet\1.2\SparseBitSet-1.2.jar;C:\Users\divya.b.sellamuthu\.m2\repository\org\apache\poi\poi-ooxml-schemas\4.1.2\poi-ooxml-schemas-4.1.2.jar;C:\Users\divya.b.sellamuthu\.m2\repository\org\apache\xmlbeans\xmlbeans\3.1.0\xmlbeans-3.1.0.jar;C:\Users\divya.b.sellamuthu\.m2\repository\org\apache\commons\commons-compress\1.19\commons-compress-1.19.jar;C:\Users\divya.b.sellamuthu\.m2\repository\com\github\virtuald\curvesapi\1.06\curvesapi-1.06.jar;C:\Users\divya.b.sellamuthu\.m2\repository\jakarta\xml\ws\jakarta.xml.ws-api\2.3.3\jakarta.xml.ws-api-2.3.3.jar;C:\Users\divya.b.sellamuthu\.m2\repository\jakarta\xml\bind\jakarta.xml.bind-api\2.3.3\jakarta.xml.bind-api-2.3.3.jar;C:\Users\divya.b.sellamuthu\.m2\repository\jakarta\activation\jakarta.activation-api\1.2.2\jakarta.activation-api-1.2.2.jar;C:\Users\divya.b.sellamuthu\.m2\repository\jakarta\xml\soap\jakarta.xml.soap-api\1.4.2\jakarta.xml.soap-api-1.4.2.jar;C:\Users\divya.b.sellamuthu\.m2\repository\jakarta\jws\jakarta.jws-api\2.1.0\jakarta.jws-api-2.1.0.jar;C:\Users\divya.b.sellamuthu\.m2\repository\javax\xml\ws\jaxws-api\2.3.1\jaxws-api-2.3.1.jar;C:\Users\divya.b.sellamuthu\.m2\repository\javax\xml\bind\jaxb-api\2.3.1\jaxb-api-2.3.1.jar;C:\Users\divya.b.sellamuthu\.m2\repository\javax\activation\javax.activation-api\1.2.0\javax.activation-api-1.2.0.jar;C:\Users\divya.b.sellamuthu\.m2\repository\javax\xml\soap\javax.xml.soap-api\1.4.0\javax.xml.soap-api-1.4.0.jar;C:\Users\divya.b.sellamuthu\.m2\repository\javax\annotation\javax.annotation-api\1.3.2\javax.annotation-api-1.3.2.jar;C:\Users\divya.b.sellamuthu\.m2\repository\com\microsoft\ews-java-api\ews-java-api\2.0\ews-java-api-2.0.jar;C:\Users\divya.b.sellamuthu\.m2\repository\org\apache\httpcomponents\httpclient\4.4.1\httpclient-4.4.1.jar;C:\Users\divya.b.sellamuthu\.m2\repository\org\apache\httpcomponents\httpcore\4.4.1\httpcore-4.4.1.jar;C:\Users\divya.b.sellamuthu\.m2\repository\org\apache\commons\commons-lang3\3.4\commons-lang3-3.4.jar;C:\Users\divya.b.sellamuthu\.m2\repository\joda-time\joda-time\2.8\joda-time-2.8.jar;C:\Users\divya.b.sellamuthu\.m2\repository\javax\activation\activation\1.1.1\activation-1.1.1.jar;C:\Users\divya.b.sellamuthu\.m2\repository\javax\mail\mail\1.4\mail-1.4.jar;C:\Users\divya.b.sellamuthu\.m2\repository\org\apache\pdfbox\pdfbox\2.0.24\pdfbox-2.0.24.jar;C:\Users\divya.b.sellamuthu\.m2\repository\org\apache\pdfbox\fontbox\2.0.24\fontbox-2.0.24.jar;C:\Users\divya.b.sellamuthu\.m2\repository\com\google\code\gson\gson\2.8.8\gson-2.8.8.jar;C:\Users\divya.b.sellamuthu\.m2\repository\com\relevantcodes\extentreports\2.41.2\extentreports-2.41.2.jar;C:\Users\divya.b.sellamuthu\.m2\repository\org\jsoup\jsoup\1.8.3\jsoup-1.8.3.jar;C:\Users\divya.b.sellamuthu\.m2\repository\org\xerial\sqlite-jdbc\3.8.11.1\sqlite-jdbc-3.8.11.1.jar;C:\Users\divya.b.sellamuthu\.m2\repository\org\mongodb\mongodb-driver\3.0.4\mongodb-driver-3.0.4.jar;C:\Users\divya.b.sellamuthu\.m2\repository\org\mongodb\bson\3.0.4\bson-3.0.4.jar;C:\Users\divya.b.sellamuthu\.m2\repository\org\mongodb\mongodb-driver-core\3.0.4\mongodb-driver-core-3.0.4.jar;"/>
    <property name="java.vm.vendor" value="Oracle Corporation"/>
    <property name="sun.arch.data.model" value="64"/>
    <property name="user.variant" value=""/>
    <property name="java.vendor.url" value="https://java.oracle.com/"/>
    <property name="user.timezone" value="Asia/Calcutta"/>
    <property name="os.name" value="Windows 11"/>
    <property name="java.vm.specification.version" value="19"/>
    <property name="sun.java.launcher" value="SUN_STANDARD"/>
    <property name="user.country" value="US"/>
    <property name="sun.boot.library.path" value="C:\Program Files (x86)\Java\jdk-19\bin"/>
    <property name="sun.java.command" value="C:\Users\DIVYAB~1.SEL\AppData\Local\Temp\surefire12814895730274995003\surefirebooter14152019148542150949.jar C:\Users\divya.b.sellamuthu\AppData\Local\Temp\surefire12814895730274995003 2023-02-08T13-32-37_711-jvmRun1 surefire16882542109336003765tmp surefire_05268623357323815386tmp"/>
    <property name="jdk.debug" value="release"/>
    <property name="surefire.test.class.path" value="C:\Users\divya.b.sellamuthu\Documents\VS_CODE\Playwright_Java_Non-BDD\HybridFramework_Playwright\target\test-classes;C:\Users\divya.b.sellamuthu\Documents\VS_CODE\Playwright_Java_Non-BDD\HybridFramework_Playwright\target\classes;C:\Users\divya.b.sellamuthu\.m2\repository\com\microsoft\playwright\playwright\1.25.0\playwright-1.25.0.jar;C:\Users\divya.b.sellamuthu\.m2\repository\org\opentest4j\opentest4j\1.2.0\opentest4j-1.2.0.jar;C:\Users\divya.b.sellamuthu\.m2\repository\com\microsoft\playwright\driver\1.25.0\driver-1.25.0.jar;C:\Users\divya.b.sellamuthu\.m2\repository\com\microsoft\playwright\driver-bundle\1.25.0\driver-bundle-1.25.0.jar;C:\Users\divya.b.sellamuthu\.m2\repository\org\testng\testng\7.7.1\testng-7.7.1.jar;C:\Users\divya.b.sellamuthu\.m2\repository\org\slf4j\slf4j-api\1.7.36\slf4j-api-1.7.36.jar;C:\Users\divya.b.sellamuthu\.m2\repository\com\beust\jcommander\1.82\jcommander-1.82.jar;C:\Users\divya.b.sellamuthu\.m2\repository\org\webjars\jquery\3.6.1\jquery-3.6.1.jar;C:\Users\divya.b.sellamuthu\.m2\repository\org\testng\reportng\1.2.2\reportng-1.2.2.jar;C:\Users\divya.b.sellamuthu\.m2\repository\org\freemarker\freemarker\2.3.28\freemarker-2.3.28.jar;C:\Users\divya.b.sellamuthu\.m2\repository\com\google\inject\guice\4.2.0\guice-4.2.0.jar;C:\Users\divya.b.sellamuthu\.m2\repository\javax\inject\javax.inject\1\javax.inject-1.jar;C:\Users\divya.b.sellamuthu\.m2\repository\aopalliance\aopalliance\1.0\aopalliance-1.0.jar;C:\Users\divya.b.sellamuthu\.m2\repository\com\google\guava\guava\23.6-android\guava-23.6-android.jar;C:\Users\divya.b.sellamuthu\.m2\repository\com\google\code\findbugs\jsr305\1.3.9\jsr305-1.3.9.jar;C:\Users\divya.b.sellamuthu\.m2\repository\org\checkerframework\checker-compat-qual\2.0.0\checker-compat-qual-2.0.0.jar;C:\Users\divya.b.sellamuthu\.m2\repository\com\google\errorprone\error_prone_annotations\2.1.3\error_prone_annotations-2.1.3.jar;C:\Users\divya.b.sellamuthu\.m2\repository\com\google\j2objc\j2objc-annotations\1.1\j2objc-annotations-1.1.jar;C:\Users\divya.b.sellamuthu\.m2\repository\org\codehaus\mojo\animal-sniffer-annotations\1.14\animal-sniffer-annotations-1.14.jar;C:\Users\divya.b.sellamuthu\.m2\repository\com\aventstack\extentreports\5.0.9\extentreports-5.0.9.jar;C:\Users\divya.b.sellamuthu\.m2\repository\io\reactivex\rxjava3\rxjava\3.0.4\rxjava-3.0.4.jar;C:\Users\divya.b.sellamuthu\.m2\repository\org\reactivestreams\reactive-streams\1.0.3\reactive-streams-1.0.3.jar;C:\Users\divya.b.sellamuthu\.m2\repository\org\projectlombok\lombok\1.18.12\lombok-1.18.12.jar;C:\Users\divya.b.sellamuthu\.m2\repository\com\grapecity\documents\gcexcel\4.0.0\gcexcel-4.0.0.jar;C:\Users\divya.b.sellamuthu\.m2\repository\org\glassfish\javax.json\1.0.4\javax.json-1.0.4.jar;C:\Users\divya.b.sellamuthu\.m2\repository\commons-logging\commons-logging\1.2\commons-logging-1.2.jar;C:\Users\divya.b.sellamuthu\.m2\repository\net\sf\barcode4j\barcode4j\2.1\barcode4j-2.1.jar;C:\Users\divya.b.sellamuthu\.m2\repository\avalon-framework\avalon-framework-impl\4.2.0\avalon-framework-impl-4.2.0.jar;C:\Users\divya.b.sellamuthu\.m2\repository\commons-cli\commons-cli\1.0\commons-cli-1.0.jar;C:\Users\divya.b.sellamuthu\.m2\repository\commons-lang\commons-lang\1.0\commons-lang-1.0.jar;C:\Users\divya.b.sellamuthu\.m2\repository\junit\junit\3.7\junit-3.7.jar;C:\Users\divya.b.sellamuthu\.m2\repository\org\apache\ant\ant\1.7.1\ant-1.7.1.jar;C:\Users\divya.b.sellamuthu\.m2\repository\org\apache\ant\ant-launcher\1.7.1\ant-launcher-1.7.1.jar;C:\Users\divya.b.sellamuthu\.m2\repository\com\google\zxing\core\3.3.3\core-3.3.3.jar;C:\Users\divya.b.sellamuthu\.m2\repository\com\google\zxing\javase\3.3.0\javase-3.3.0.jar;C:\Users\divya.b.sellamuthu\.m2\repository\com\github\jai-imageio\jai-imageio-core\1.3.1\jai-imageio-core-1.3.1.jar;C:\Users\divya.b.sellamuthu\.m2\repository\org\apache\poi\poi-ooxml\4.1.2\poi-ooxml-4.1.2.jar;C:\Users\divya.b.sellamuthu\.m2\repository\org\apache\poi\poi\4.1.2\poi-4.1.2.jar;C:\Users\divya.b.sellamuthu\.m2\repository\commons-codec\commons-codec\1.13\commons-codec-1.13.jar;C:\Users\divya.b.sellamuthu\.m2\repository\org\apache\commons\commons-collections4\4.4\commons-collections4-4.4.jar;C:\Users\divya.b.sellamuthu\.m2\repository\org\apache\commons\commons-math3\3.6.1\commons-math3-3.6.1.jar;C:\Users\divya.b.sellamuthu\.m2\repository\com\zaxxer\SparseBitSet\1.2\SparseBitSet-1.2.jar;C:\Users\divya.b.sellamuthu\.m2\repository\org\apache\poi\poi-ooxml-schemas\4.1.2\poi-ooxml-schemas-4.1.2.jar;C:\Users\divya.b.sellamuthu\.m2\repository\org\apache\xmlbeans\xmlbeans\3.1.0\xmlbeans-3.1.0.jar;C:\Users\divya.b.sellamuthu\.m2\repository\org\apache\commons\commons-compress\1.19\commons-compress-1.19.jar;C:\Users\divya.b.sellamuthu\.m2\repository\com\github\virtuald\curvesapi\1.06\curvesapi-1.06.jar;C:\Users\divya.b.sellamuthu\.m2\repository\jakarta\xml\ws\jakarta.xml.ws-api\2.3.3\jakarta.xml.ws-api-2.3.3.jar;C:\Users\divya.b.sellamuthu\.m2\repository\jakarta\xml\bind\jakarta.xml.bind-api\2.3.3\jakarta.xml.bind-api-2.3.3.jar;C:\Users\divya.b.sellamuthu\.m2\repository\jakarta\activation\jakarta.activation-api\1.2.2\jakarta.activation-api-1.2.2.jar;C:\Users\divya.b.sellamuthu\.m2\repository\jakarta\xml\soap\jakarta.xml.soap-api\1.4.2\jakarta.xml.soap-api-1.4.2.jar;C:\Users\divya.b.sellamuthu\.m2\repository\jakarta\jws\jakarta.jws-api\2.1.0\jakarta.jws-api-2.1.0.jar;C:\Users\divya.b.sellamuthu\.m2\repository\javax\xml\ws\jaxws-api\2.3.1\jaxws-api-2.3.1.jar;C:\Users\divya.b.sellamuthu\.m2\repository\javax\xml\bind\jaxb-api\2.3.1\jaxb-api-2.3.1.jar;C:\Users\divya.b.sellamuthu\.m2\repository\javax\activation\javax.activation-api\1.2.0\javax.activation-api-1.2.0.jar;C:\Users\divya.b.sellamuthu\.m2\repository\javax\xml\soap\javax.xml.soap-api\1.4.0\javax.xml.soap-api-1.4.0.jar;C:\Users\divya.b.sellamuthu\.m2\repository\javax\annotation\javax.annotation-api\1.3.2\javax.annotation-api-1.3.2.jar;C:\Users\divya.b.sellamuthu\.m2\repository\com\microsoft\ews-java-api\ews-java-api\2.0\ews-java-api-2.0.jar;C:\Users\divya.b.sellamuthu\.m2\repository\org\apache\httpcomponents\httpclient\4.4.1\httpclient-4.4.1.jar;C:\Users\divya.b.sellamuthu\.m2\repository\org\apache\httpcomponents\httpcore\4.4.1\httpcore-4.4.1.jar;C:\Users\divya.b.sellamuthu\.m2\repository\org\apache\commons\commons-lang3\3.4\commons-lang3-3.4.jar;C:\Users\divya.b.sellamuthu\.m2\repository\joda-time\joda-time\2.8\joda-time-2.8.jar;C:\Users\divya.b.sellamuthu\.m2\repository\javax\activation\activation\1.1.1\activation-1.1.1.jar;C:\Users\divya.b.sellamuthu\.m2\repository\javax\mail\mail\1.4\mail-1.4.jar;C:\Users\divya.b.sellamuthu\.m2\repository\org\apache\pdfbox\pdfbox\2.0.24\pdfbox-2.0.24.jar;C:\Users\divya.b.sellamuthu\.m2\repository\org\apache\pdfbox\fontbox\2.0.24\fontbox-2.0.24.jar;C:\Users\divya.b.sellamuthu\.m2\repository\com\google\code\gson\gson\2.8.8\gson-2.8.8.jar;C:\Users\divya.b.sellamuthu\.m2\repository\com\relevantcodes\extentreports\2.41.2\extentreports-2.41.2.jar;C:\Users\divya.b.sellamuthu\.m2\repository\org\jsoup\jsoup\1.8.3\jsoup-1.8.3.jar;C:\Users\divya.b.sellamuthu\.m2\repository\org\xerial\sqlite-jdbc\3.8.11.1\sqlite-jdbc-3.8.11.1.jar;C:\Users\divya.b.sellamuthu\.m2\repository\org\mongodb\mongodb-driver\3.0.4\mongodb-driver-3.0.4.jar;C:\Users\divya.b.sellamuthu\.m2\repository\org\mongodb\bson\3.0.4\bson-3.0.4.jar;C:\Users\divya.b.sellamuthu\.m2\repository\org\mongodb\mongodb-driver-core\3.0.4\mongodb-driver-core-3.0.4.jar;"/>
    <property name="sun.cpu.endian" value="little"/>
    <property name="user.home" value="C:\Users\divya.b.sellamuthu"/>
    <property name="user.language" value="en"/>
    <property name="java.specification.vendor" value="Oracle Corporation"/>
    <property name="java.version.date" value="2022-10-18"/>
    <property name="java.home" value="C:\Program Files (x86)\Java\jdk-19"/>
    <property name="file.separator" value="\"/>
    <property name="basedir" value="C:\Users\divya.b.sellamuthu\Documents\VS_CODE\Playwright_Java_Non-BDD\HybridFramework_Playwright"/>
    <property name="java.vm.compressedOopsMode" value="32-bit"/>
    <property name="line.separator" value="&#10;"/>
    <property name="java.vm.specification.vendor" value="Oracle Corporation"/>
    <property name="java.specification.name" value="Java Platform API Specification"/>
    <property name="surefire.real.class.path" value="C:\Users\DIVYAB~1.SEL\AppData\Local\Temp\surefire12814895730274995003\surefirebooter14152019148542150949.jar"/>
    <property name="user.script" value=""/>
    <property name="sun.management.compiler" value="HotSpot 64-Bit Tiered Compilers"/>
    <property name="java.runtime.version" value="19.0.1+10-21"/>
    <property name="user.name" value="divya.b.sellamuthu"/>
    <property name="stdout.encoding" value="Cp1252"/>
    <property name="path.separator" value=";"/>
    <property name="os.version" value="10.0"/>
    <property name="java.runtime.name" value="Java(TM) SE Runtime Environment"/>
    <property name="file.encoding" value="UTF-8"/>
    <property name="java.vm.name" value="Java HotSpot(TM) 64-Bit Server VM"/>
    <property name="localRepository" value="C:\Users\divya.b.sellamuthu\.m2\repository"/>
    <property name="java.vendor.url.bug" value="https://bugreport.java.com/bugreport/"/>
    <property name="java.io.tmpdir" value="C:\Users\DIVYAB~1.SEL\AppData\Local\Temp\"/>
    <property name="java.version" value="19.0.1"/>
    <property name="user.dir" value="C:\Users\divya.b.sellamuthu\Documents\VS_CODE\Playwright_Java_Non-BDD\HybridFramework_Playwright"/>
    <property name="os.arch" value="amd64"/>
    <property name="java.vm.specification.name" value="Java Virtual Machine Specification"/>
    <property name="sun.os.patch.level" value=""/>
    <property name="native.encoding" value="Cp1252"/>
    <property name="java.library.path" value="C:\Program Files (x86)\Java\jdk-19\bin;C:\windows\Sun\Java\bin;C:\windows\system32;C:\windows;C:\Program Files\Common Files\Oracle\Java\javapath;C:\Program Files (x86)\Common Files\Oracle\Java\javapath;C:\windows\system32;C:\windows;C:\windows\System32\Wbem;C:\windows\System32\WindowsPowerShell\v1.0\;C:\windows\System32\OpenSSH\;C:\Program Files (x86)\Common Files\Pulse Secure\VC142.CRT\X64\;C:\Program Files (x86)\Common Files\Pulse Secure\VC142.CRT\X86\;C:\Program Files (x86)\Pulse Secure\VC142.CRT\X64\;C:\Program Files (x86)\Pulse Secure\VC142.CRT\X86\;C:\Program Files (x86)\Common Files\Pulse Secure\TNC Client Plugin\;C:\Program Files\dotnet\;C:\Program Files\Microsoft SQL Server\130\Tools\Binn\;C:\Program Files\nodejs\;C:\Program Files (x86)\Java\jdk-19\bin;C:\Program Files (x86)\apache-maven-3.8.7\bin;C:\Users\divya.b.sellamuthu\AppData\Local\Microsoft\WindowsApps;C:\Users\divya.b.sellamuthu\.dotnet\tools;C:\Users\divya.b.sellamuthu\AppData\Local\Programs\Microsoft VS Code\bin;C:\Users\divya.b.sellamuthu\AppData\Local\Programs\Git\cmd;C:\Users\divya.b.sellamuthu\AppData\Roaming\npm;."/>
    <property name="java.vm.info" value="mixed mode, sharing"/>
    <property name="stderr.encoding" value="Cp1252"/>
    <property name="java.vendor" value="Oracle Corporation"/>
    <property name="java.vm.version" value="19.0.1+10-21"/>
    <property name="sun.io.unicode.encoding" value="UnicodeLittle"/>
    <property name="java.class.version" value="63.0"/>
  </properties>
  <testcase name="register" classname="com.tests.browser" time="16.005">
    <failure message="Error {&#10;  message=&apos;Navigation failed because page was closed!&#10;=========================== logs ===========================&#10;navigating to &quot;http://playwright.dev/&quot;, waiting until &quot;load&quot;&#10;============================================================&#10;  name=&apos;Error&#10;  stack=&apos;Error: Navigation failed because page was closed!&#10;=========================== logs ===========================&#10;navigating to &quot;http://playwright.dev/&quot;, waiting until &quot;load&quot;&#10;============================================================&#10;    at C:\Users\DIVYAB~1.SEL\AppData\Local\Temp\playwright-java-5118228124204534098\package\lib\server\frames.js:673:13&#10;    at async ProgressController.run (C:\Users\DIVYAB~1.SEL\AppData\Local\Temp\playwright-java-5118228124204534098\package\lib\server\progress.js:101:22)&#10;    at async FrameDispatcher.goto (C:\Users\DIVYAB~1.SEL\AppData\Local\Temp\playwright-java-5118228124204534098\package\lib\server\dispatchers\frameDispatcher.js:87:59)&#10;    at async DispatcherConnection.dispatch (C:\Users\DIVYAB~1.SEL\AppData\Local\Temp\playwright-java-5118228124204534098\package\lib\server\dispatchers\dispatcher.js:397:22)&#10;}" type="com.microsoft.playwright.PlaywrightException">com.microsoft.playwright.PlaywrightException: 
Error {
  message='Navigation failed because page was closed!
=========================== logs ===========================
navigating to "http://playwright.dev/", waiting until "load"
============================================================
  name='Error
  stack='Error: Navigation failed because page was closed!
=========================== logs ===========================
navigating to "http://playwright.dev/", waiting until "load"
============================================================
    at C:\Users\DIVYAB~1.SEL\AppData\Local\Temp\playwright-java-5118228124204534098\package\lib\server\frames.js:673:13
    at async ProgressController.run (C:\Users\DIVYAB~1.SEL\AppData\Local\Temp\playwright-java-5118228124204534098\package\lib\server\progress.js:101:22)
    at async FrameDispatcher.goto (C:\Users\DIVYAB~1.SEL\AppData\Local\Temp\playwright-java-5118228124204534098\package\lib\server\dispatchers\frameDispatcher.js:87:59)
    at async DispatcherConnection.dispatch (C:\Users\DIVYAB~1.SEL\AppData\Local\Temp\playwright-java-5118228124204534098\package\lib\server\dispatchers\dispatcher.js:397:22)
}
	at com.tests.browser.register(browser.java:23)
Caused by: com.microsoft.playwright.impl.DriverException: 
Error {
  message='Navigation failed because page was closed!
=========================== logs ===========================
navigating to "http://playwright.dev/", waiting until "load"
============================================================
  name='Error
  stack='Error: Navigation failed because page was closed!
=========================== logs ===========================
navigating to "http://playwright.dev/", waiting until "load"
============================================================
    at C:\Users\DIVYAB~1.SEL\AppData\Local\Temp\playwright-java-5118228124204534098\package\lib\server\frames.js:673:13
    at async ProgressController.run (C:\Users\DIVYAB~1.SEL\AppData\Local\Temp\playwright-java-5118228124204534098\package\lib\server\progress.js:101:22)
    at async FrameDispatcher.goto (C:\Users\DIVYAB~1.SEL\AppData\Local\Temp\playwright-java-5118228124204534098\package\lib\server\dispatchers\frameDispatcher.js:87:59)
    at async DispatcherConnection.dispatch (C:\Users\DIVYAB~1.SEL\AppData\Local\Temp\playwright-java-5118228124204534098\package\lib\server\dispatchers\dispatcher.js:397:22)
}
	at com.tests.browser.register(browser.java:23)
</failure>
    <system-out><![CDATA[register : com.microsoft.playwright.PlaywrightException: Error {
  message='Navigation failed because page was closed!
=========================== logs ===========================
navigating to "http://playwright.dev/", waiting until "load"
============================================================
  name='Error
  stack='Error: Navigation failed because page was closed!
=========================== logs ===========================
navigating to "http://playwright.dev/", waiting until "load"
============================================================
    at C:\Users\DIVYAB~1.SEL\AppData\Local\Temp\playwright-java-5118228124204534098\package\lib\server\frames.js:673:13
    at async ProgressController.run (C:\Users\DIVYAB~1.SEL\AppData\Local\Temp\playwright-java-5118228124204534098\package\lib\server\progress.js:101:22)
    at async FrameDispatcher.goto (C:\Users\DIVYAB~1.SEL\AppData\Local\Temp\playwright-java-5118228124204534098\package\lib\server\dispatchers\frameDispatcher.js:87:59)
    at async DispatcherConnection.dispatch (C:\Users\DIVYAB~1.SEL\AppData\Local\Temp\playwright-java-5118228124204534098\package\lib\server\dispatchers\dispatcher.js:397:22)
}
]]></system-out>
    <system-err><![CDATA[SLF4J: Failed to load class "org.slf4j.impl.StaticLoggerBinder".
SLF4J: Defaulting to no-operation (NOP) logger implementation
SLF4J: See http://www.slf4j.org/codes.html#StaticLoggerBinder for further details.
]]></system-err>
  </testcase>
  <testcase name="login1" classname="com.tests.Demo" time="17.467"/>
  <testcase name="testNgXMLSuite" classname="testNgRunner.TestNgCodeRunner" time="17.473"/>
</testsuite>