<?xml version="1.0" encoding="UTF-8"?>
<!-- Generated by org.testng.reporters.JUnitReportReporter -->
<testsuite hostname="CDC2-LX-210J08T" failures="0" tests="1" name="com.tests.Demo" time="17.458" errors="0" timestamp="2023-02-08T13:33:31 IST" skipped="0">
  <testcase classname="com.tests.Demo" name="login1" time="17.458"/>
  <system-out/>
</testsuite> <!-- com.tests.Demo -->
