<?xml version="1.0" encoding="UTF-8"?>
<!-- Generated by org.testng.reporters.JUnitReportReporter -->
<testsuite hostname="CDC2-LX-210J08T" failures="0" tests="1" name="testNgRunner.TestNgCodeRunner" time="17.478" errors="0" timestamp="2023-02-08T13:33:31 IST" skipped="0">
  <testcase classname="testNgRunner.TestNgCodeRunner" name="testNgXMLSuite" time="17.478"/>
  <system-out/>
</testsuite> <!-- testNgRunner.TestNgCodeRunner -->
