<?xml version="1.0" encoding="UTF-8"?>
<!-- Generated by org.testng.reporters.JUnitReportReporter -->
<testsuite hostname="TFOO-1202SM4-LX" failures="0" tests="1" name="com.tests.AskForSupport" time="275.555" errors="0" timestamp="2024-06-18T15:35:23 CST" skipped="0">
  <testcase classname="com.tests.AskForSupport" name="askForSupport" time="275.555"/>
  <system-out/>
</testsuite> <!-- com.tests.AskForSupport -->
