<?xml version="1.0" encoding="UTF-8"?>
<!-- Generated by org.testng.reporters.JUnitReportReporter -->
<testsuite hostname="BDC3-LX-HS00V93" failures="0" tests="1" name="com.utility.Sample" time="11.500" errors="0" timestamp="2022-09-23T14:16:58 IST" skipped="0">
  <testcase classname="com.utility.Sample" name="deleteDetails" time="11.500"/>
  <system-out/>
</testsuite> <!-- com.utility.Sample -->
