<?xml version="1.0" encoding="UTF-8"?>
<!-- Generated by org.testng.reporters.JUnitReportReporter -->
<testsuite hostname="CDC2-LX-210J08T" failures="0" tests="1" name="com.tests.Sample" time="3.083" errors="0" timestamp="2023-01-31T11:45:38 IST" skipped="0">
  <testcase classname="com.tests.Sample" name="sendmail" time="3.083"/>
  <system-out/>
</testsuite> <!-- com.tests.Sample -->
