<?xml version="1.0" encoding="UTF-8"?>
<!-- Generated by org.testng.reporters.JUnitReportReporter -->
<testsuite hostname="TFOO-1202SM4-LX" failures="0" tests="4" name="com.tests.LandingPage" time="285.344" errors="0" timestamp="2024-08-08T12:43:33 CST" skipped="3">
  <testcase classname="com.tests.LandingPage" name="GetURLContent" time="285.344"/>
  <system-out/>
  <testcase classname="com.tests.LandingPage" name="AskForSupport">
    <skipped/>
  </testcase> <!-- AskForSupport -->
  <system-out/>
  <testcase classname="com.tests.LandingPage" name="landingPage">
    <skipped/>
  </testcase> <!-- landingPage -->
  <system-out/>
  <testcase classname="com.tests.LandingPage" name="GetPeople">
    <skipped/>
  </testcase> <!-- GetPeople -->
  <system-out/>
</testsuite> <!-- com.tests.LandingPage -->
