<?xml version="1.0" encoding="UTF-8"?>
<!-- Generated by org.testng.reporters.JUnitReportReporter -->
<testsuite hostname="TFOO-1202SM4-LX" failures="0" tests="1" name="com.tests.Demo" time="58.688" errors="0" timestamp="2024-04-22T17:23:49 CST" skipped="0">
  <testcase classname="com.tests.Demo" name="login1" time="58.688"/>
  <system-out/>
</testsuite> <!-- com.tests.Demo -->
