<?xml version="1.0" encoding="UTF-8"?>
<!-- Generated by org.testng.reporters.JUnitReportReporter -->
<testsuite hostname="CDC2-LX-210J08T" failures="0" tests="1" name="testNgRunner.TestNgCodeRunner" time="31.689" errors="0" timestamp="2023-02-07T19:04:14 IST" skipped="0">
  <testcase classname="testNgRunner.TestNgCodeRunner" name="testNgXMLSuite" time="31.689"/>
  <system-out/>
</testsuite> <!-- testNgRunner.TestNgCodeRunner -->
