<?xml version="1.0" encoding="UTF-8"?>
<!-- Generated by org.testng.reporters.JUnitReportReporter -->
<testsuite hostname="CDC2-LX-210J08T" failures="0" tests="1" name="com.tests.browser" time="18.306" errors="1" timestamp="2023-02-08T12:24:32 IST" skipped="0">
  <testcase classname="com.tests.browser" name="register" time="18.306">
    <error message="Error {
  message=&#039;net::ERR_SSL_PROTOCOL_ERROR at http://playwright.dev/
=========================== logs ===========================
navigating to &quot;http://playwright.dev/&quot;, waiting until &quot;load&quot;
============================================================
  name=&#039;Error
  stack=&#039;Error: net::ERR_SSL_PROTOCOL_ERROR at http://playwright.dev/
=========================== logs ===========================
navigating to &quot;http://playwright.dev/&quot;, waiting until &quot;load&quot;
============================================================
    at FrameSession._navigate (C:\Users\DIVYAB~1.SEL\AppData\Local\Temp\playwright-java-6779444194254245696\package\lib\server\chromium\crPage.js:638:35)
    at async Frame._gotoAction (C:\Users\DIVYAB~1.SEL\AppData\Local\Temp\playwright-java-6779444194254245696\package\lib\server\frames.js:732:28)
    at async ProgressController.run (C:\Users\DIVYAB~1.SEL\AppData\Local\Temp\playwright-java-6779444194254245696\package\lib\server\progress.js:101:22)
    at async FrameDispatcher.goto (C:\Users\DIVYAB~1.SEL\AppData\Local\Temp\playwright-java-6779444194254245696\package\lib\server\dispatchers\frameDispatcher.js:87:59)
    at async DispatcherConnection.dispatch (C:\Users\DIVYAB~1.SEL\AppData\Local\Temp\playwright-java-6779444194254245696\package\lib\server\dispatchers\dispatcher.js:397:22)
}" type="com.microsoft.playwright.PlaywrightException">
      <![CDATA[com.microsoft.playwright.PlaywrightException: Error {
  message='net::ERR_SSL_PROTOCOL_ERROR at http://playwright.dev/
=========================== logs ===========================
navigating to "http://playwright.dev/", waiting until "load"
============================================================
  name='Error
  stack='Error: net::ERR_SSL_PROTOCOL_ERROR at http://playwright.dev/
=========================== logs ===========================
navigating to "http://playwright.dev/", waiting until "load"
============================================================
    at FrameSession._navigate (C:\Users\DIVYAB~1.SEL\AppData\Local\Temp\playwright-java-6779444194254245696\package\lib\server\chromium\crPage.js:638:35)
    at async Frame._gotoAction (C:\Users\DIVYAB~1.SEL\AppData\Local\Temp\playwright-java-6779444194254245696\package\lib\server\frames.js:732:28)
    at async ProgressController.run (C:\Users\DIVYAB~1.SEL\AppData\Local\Temp\playwright-java-6779444194254245696\package\lib\server\progress.js:101:22)
    at async FrameDispatcher.goto (C:\Users\DIVYAB~1.SEL\AppData\Local\Temp\playwright-java-6779444194254245696\package\lib\server\dispatchers\frameDispatcher.js:87:59)
    at async DispatcherConnection.dispatch (C:\Users\DIVYAB~1.SEL\AppData\Local\Temp\playwright-java-6779444194254245696\package\lib\server\dispatchers\dispatcher.js:397:22)
}
at com.microsoft.playwright.impl.WaitableResult.get(WaitableResult.java:54)
at com.microsoft.playwright.impl.ChannelOwner.runUntil(ChannelOwner.java:109)
at com.microsoft.playwright.impl.Connection.sendMessage(Connection.java:108)
at com.microsoft.playwright.impl.ChannelOwner.sendMessage(ChannelOwner.java:100)
at com.microsoft.playwright.impl.FrameImpl.navigateImpl(FrameImpl.java:401)
at com.microsoft.playwright.impl.PageImpl.lambda$navigate$32(PageImpl.java:800)
at com.microsoft.playwright.impl.LoggingSupport.withLogging(LoggingSupport.java:47)
at com.microsoft.playwright.impl.ChannelOwner.withLogging(ChannelOwner.java:85)
at com.microsoft.playwright.impl.PageImpl.navigate(PageImpl.java:800)
at com.microsoft.playwright.impl.PageImpl.navigate(PageImpl.java:41)
at com.microsoft.playwright.Page.navigate(Page.java:4309)
at com.tests.browser.register(browser.java:23)
at java.base/jdk.internal.reflect.DirectMethodHandleAccessor.invoke(DirectMethodHandleAccessor.java:104)
at java.base/java.lang.reflect.Method.invoke(Method.java:578)
at org.testng.internal.MethodInvocationHelper.invokeMethod(MethodInvocationHelper.java:133)
at org.testng.internal.TestInvoker.invokeMethod(TestInvoker.java:598)
at org.testng.internal.TestInvoker.invokeTestMethod(TestInvoker.java:173)
at org.testng.internal.MethodRunner.runInSequence(MethodRunner.java:46)
at org.testng.internal.TestInvoker$MethodInvocationAgent.invoke(TestInvoker.java:824)
at org.testng.internal.TestInvoker.invokeTestMethods(TestInvoker.java:146)
at org.testng.internal.TestMethodWorker.invokeTestMethods(TestMethodWorker.java:146)
at org.testng.internal.TestMethodWorker.run(TestMethodWorker.java:128)
at java.base/java.util.ArrayList.forEach(ArrayList.java:1511)
at org.testng.TestRunner.privateRun(TestRunner.java:794)
at org.testng.TestRunner.run(TestRunner.java:596)
at org.testng.SuiteRunner.runTest(SuiteRunner.java:377)
at org.testng.SuiteRunner.runSequentially(SuiteRunner.java:371)
at org.testng.SuiteRunner.privateRun(SuiteRunner.java:332)
at org.testng.SuiteRunner.run(SuiteRunner.java:276)
at org.testng.SuiteRunnerWorker.runSuite(SuiteRunnerWorker.java:53)
at org.testng.SuiteRunnerWorker.run(SuiteRunnerWorker.java:96)
at org.testng.TestNG.runSuitesSequentially(TestNG.java:1212)
at org.testng.TestNG.runSuitesLocally(TestNG.java:1134)
at org.testng.TestNG.runSuites(TestNG.java:1063)
at org.testng.TestNG.run(TestNG.java:1031)
at com.tests.TestRunnerJar.main(TestRunnerJar.java:17)
Caused by: com.microsoft.playwright.impl.DriverException: Error {
  message='net::ERR_SSL_PROTOCOL_ERROR at http://playwright.dev/
=========================== logs ===========================
navigating to "http://playwright.dev/", waiting until "load"
============================================================
  name='Error
  stack='Error: net::ERR_SSL_PROTOCOL_ERROR at http://playwright.dev/
=========================== logs ===========================
navigating to "http://playwright.dev/", waiting until "load"
============================================================
    at FrameSession._navigate (C:\Users\DIVYAB~1.SEL\AppData\Local\Temp\playwright-java-6779444194254245696\package\lib\server\chromium\crPage.js:638:35)
    at async Frame._gotoAction (C:\Users\DIVYAB~1.SEL\AppData\Local\Temp\playwright-java-6779444194254245696\package\lib\server\frames.js:732:28)
    at async ProgressController.run (C:\Users\DIVYAB~1.SEL\AppData\Local\Temp\playwright-java-6779444194254245696\package\lib\server\progress.js:101:22)
    at async FrameDispatcher.goto (C:\Users\DIVYAB~1.SEL\AppData\Local\Temp\playwright-java-6779444194254245696\package\lib\server\dispatchers\frameDispatcher.js:87:59)
    at async DispatcherConnection.dispatch (C:\Users\DIVYAB~1.SEL\AppData\Local\Temp\playwright-java-6779444194254245696\package\lib\server\dispatchers\dispatcher.js:397:22)
}
at com.microsoft.playwright.impl.Connection.dispatch(Connection.java:190)
at com.microsoft.playwright.impl.Connection.processOneMessage(Connection.java:170)
at com.microsoft.playwright.impl.ChannelOwner.runUntil(ChannelOwner.java:107)
... 34 more
]]>
    </error>
  </testcase> <!-- register -->
  <system-out/>
</testsuite> <!-- com.tests.browser -->
